<?xml version="1.0" encoding="UTF-8"?>
<!-- Generated by org.testng.reporters.JUnitXMLReporter -->
<testsuite ignored="0" hostname="Dhruv" failures="0" tests="4" name="Default test" time="6.546" errors="0" timestamp="2023-11-04T08:00:29 IST">
  <testcase classname="day1One.HTTPReq" name="getUsers" time="3.37"/>
  <testcase classname="day1One.HTTPReq" name="createUser" time="1.247"/>
  <testcase classname="day1One.HTTPReq" name="updateUser" time="0.964"/>
  <testcase classname="day1One.HTTPReq" name="deleteUser" time="0.897"/>
</testsuite> <!-- Default test -->
