<?xml version="1.0" encoding="UTF-8"?>
<!-- Generated by org.testng.reporters.JUnitXMLReporter -->
<testsuite ignored="0" hostname="Dhruv" failures="0" tests="4" name="Test" time="6.777" errors="0" timestamp="2023-10-10T15:22:24 IST">
  <testcase classname="day8Eight.CreateUserForChaining" name="chainingProcces1" time="3.364"/>
  <testcase classname="day8Eight.getUserForChaining" name="chainingProcces2" time="1.133"/>
  <testcase classname="day8Eight.UpdateUserForChaining" name="putFotChaining" time="0.839"/>
  <testcase classname="day8Eight.DeleteUser" name="deleteForChaining" time="1.393"/>
</testsuite> <!-- Test -->
