<?xml version="1.0" encoding="UTF-8"?>
<!-- Generated by org.testng.reporters.JUnitXMLReporter -->
<testsuite ignored="0" hostname="Dhruv" failures="1" tests="1" name="Test3" time="0.039" errors="0" timestamp="2023-10-10T15:34:00 IST">
  <testcase classname="day8Eight.UpdateUserForChaining" name="putFotChaining" time="0.037">
    <failure type="java.lang.NullPointerException" message="Cannot invoke &amp;quot;java.lang.Integer.intValue()&amp;quot; because the return value of &amp;quot;org.testng.ITestContext.getAttribute(String)&amp;quot; is null">
      <![CDATA[java.lang.NullPointerException: Cannot invoke "java.lang.Integer.intValue()" because the return value of "org.testng.ITestContext.getAttribute(String)" is null
at day8Eight.UpdateUserForChaining.putFotChaining(UpdateUserForChaining.java:26)
at java.base/java.util.ArrayList.forEach(ArrayList.java:1511)
... Removed 25 stack frames]]>
    </failure>
  </testcase> <!-- putFotChaining -->
</testsuite> <!-- Test3 -->
