<?xml version="1.0" encoding="UTF-8"?>
<testng-results ignored="0" total="4" passed="4" failed="0" skipped="0">
  <reporter-output>
  </reporter-output>
  <suite started-at="2023-11-04T08:00:22 IST" name="Default suite" finished-at="2023-11-04T08:00:29 IST" duration-ms="6546">
    <groups>
    </groups>
    <test started-at="2023-11-04T08:00:22 IST" name="Default test" finished-at="2023-11-04T08:00:29 IST" duration-ms="6546">
      <class name="day1One.HTTPReq">
        <test-method signature="getUsers()[pri:1, instance:day1One.HTTPReq@4f6ee6e4]" started-at="2023-11-04T08:00:22 IST" name="getUsers" finished-at="2023-11-04T08:00:25 IST" duration-ms="3370" status="PASS">
          <reporter-output>
          </reporter-output>
        </test-method> <!-- getUsers -->
        <test-method signature="createUser()[pri:2, instance:day1One.HTTPReq@4f6ee6e4]" started-at="2023-11-04T08:00:26 IST" name="createUser" finished-at="2023-11-04T08:00:27 IST" duration-ms="1247" status="PASS">
          <reporter-output>
          </reporter-output>
        </test-method> <!-- createUser -->
        <test-method signature="updateUser()[pri:3, instance:day1One.HTTPReq@4f6ee6e4]" started-at="2023-11-04T08:00:27 IST" name="updateUser" finished-at="2023-11-04T08:00:28 IST" depends-on-methods="day1One.HTTPReq.createUser" duration-ms="964" status="PASS">
          <reporter-output>
          </reporter-output>
        </test-method> <!-- updateUser -->
        <test-method signature="deleteUser()[pri:4, instance:day1One.HTTPReq@4f6ee6e4]" started-at="2023-11-04T08:00:28 IST" name="deleteUser" finished-at="2023-11-04T08:00:29 IST" depends-on-methods="day1One.HTTPReq.updateUser" duration-ms="897" status="PASS">
          <reporter-output>
          </reporter-output>
        </test-method> <!-- deleteUser -->
      </class> <!-- day1One.HTTPReq -->
    </test> <!-- Default test -->
  </suite> <!-- Default suite -->
</testng-results>
